{"/home/dante/Documents/Programming/nodejs/checkout-cli/lib/git.js":{"path":"/home/dante/Documents/Programming/nodejs/checkout-cli/lib/git.js","s":{"1":10,"2":10,"3":10,"4":10,"5":1,"6":1,"7":1,"8":1,"9":5,"10":5,"11":3,"12":3,"13":3,"14":2,"15":1,"16":1,"17":1,"18":3,"19":2,"20":1,"21":10,"22":2,"23":2,"24":2,"25":1,"26":1,"27":1,"28":2,"29":2,"30":2,"31":1,"32":1,"33":1,"34":1,"35":10,"36":2,"37":2,"38":2,"39":1,"40":1,"41":10,"42":2,"43":2,"44":2,"45":1,"46":1,"47":10,"48":2,"49":2,"50":2,"51":1,"52":1,"53":10},"b":{"1":[3,2],"2":[2,1],"3":[1,1],"4":[1,1],"5":[1,1],"6":[1,1],"7":[1,1]},"f":{"1":1,"2":5,"3":1,"4":3,"5":2,"6":2,"7":2,"8":2,"9":2,"10":2,"11":2,"12":2,"13":2,"14":2,"15":2,"16":2,"17":2,"18":2,"19":2},"fnMap":{"1":{"name":"(anonymous_1)","line":8,"loc":{"start":{"line":8,"column":9},"end":{"line":8,"column":25}}},"2":{"name":"(anonymous_2)","line":12,"loc":{"start":{"line":12,"column":23},"end":{"line":12,"column":39}}},"3":{"name":"(anonymous_3)","line":25,"loc":{"start":{"line":25,"column":11},"end":{"line":25,"column":27}}},"4":{"name":"(anonymous_4)","line":27,"loc":{"start":{"line":27,"column":35},"end":{"line":27,"column":51}}},"5":{"name":"(anonymous_5)","line":37,"loc":{"start":{"line":37,"column":11},"end":{"line":37,"column":21}}},"6":{"name":"(anonymous_6)","line":38,"loc":{"start":{"line":38,"column":27},"end":{"line":38,"column":52}}},"7":{"name":"(anonymous_7)","line":39,"loc":{"start":{"line":39,"column":33},"end":{"line":39,"column":54}}},"8":{"name":"(anonymous_8)","line":50,"loc":{"start":{"line":50,"column":9},"end":{"line":50,"column":19}}},"9":{"name":"(anonymous_9)","line":51,"loc":{"start":{"line":51,"column":27},"end":{"line":51,"column":52}}},"10":{"name":"(anonymous_10)","line":52,"loc":{"start":{"line":52,"column":34},"end":{"line":52,"column":55}}},"11":{"name":"(anonymous_11)","line":66,"loc":{"start":{"line":66,"column":15},"end":{"line":66,"column":31}}},"12":{"name":"(anonymous_12)","line":67,"loc":{"start":{"line":67,"column":23},"end":{"line":67,"column":48}}},"13":{"name":"(anonymous_13)","line":68,"loc":{"start":{"line":68,"column":39},"end":{"line":68,"column":60}}},"14":{"name":"(anonymous_14)","line":79,"loc":{"start":{"line":79,"column":23},"end":{"line":79,"column":33}}},"15":{"name":"(anonymous_15)","line":80,"loc":{"start":{"line":80,"column":23},"end":{"line":80,"column":48}}},"16":{"name":"(anonymous_16)","line":81,"loc":{"start":{"line":81,"column":48},"end":{"line":81,"column":69}}},"17":{"name":"(anonymous_17)","line":92,"loc":{"start":{"line":92,"column":16},"end":{"line":92,"column":39}}},"18":{"name":"(anonymous_18)","line":93,"loc":{"start":{"line":93,"column":23},"end":{"line":93,"column":48}}},"19":{"name":"(anonymous_19)","line":94,"loc":{"start":{"line":94,"column":49},"end":{"line":94,"column":62}}}},"statementMap":{"1":{"start":{"line":3,"column":0},"end":{"line":3,"column":41}},"2":{"start":{"line":4,"column":0},"end":{"line":4,"column":33}},"3":{"start":{"line":5,"column":0},"end":{"line":5,"column":26}},"4":{"start":{"line":7,"column":0},"end":{"line":34,"column":2}},"5":{"start":{"line":9,"column":8},"end":{"line":9,"column":26}},"6":{"start":{"line":10,"column":8},"end":{"line":10,"column":36}},"7":{"start":{"line":11,"column":8},"end":{"line":11,"column":21}},"8":{"start":{"line":12,"column":8},"end":{"line":22,"column":11}},"9":{"start":{"line":13,"column":12},"end":{"line":13,"column":41}},"10":{"start":{"line":14,"column":12},"end":{"line":21,"column":13}},"11":{"start":{"line":15,"column":16},"end":{"line":15,"column":55}},"12":{"start":{"line":16,"column":16},"end":{"line":16,"column":65}},"13":{"start":{"line":17,"column":16},"end":{"line":17,"column":38}},"14":{"start":{"line":20,"column":16},"end":{"line":20,"column":38}},"15":{"start":{"line":23,"column":8},"end":{"line":23,"column":24}},"16":{"start":{"line":26,"column":8},"end":{"line":26,"column":26}},"17":{"start":{"line":27,"column":8},"end":{"line":31,"column":11}},"18":{"start":{"line":28,"column":12},"end":{"line":30,"column":13}},"19":{"start":{"line":29,"column":16},"end":{"line":29,"column":105}},"20":{"start":{"line":32,"column":8},"end":{"line":32,"column":24}},"21":{"start":{"line":36,"column":0},"end":{"line":64,"column":1}},"22":{"start":{"line":38,"column":8},"end":{"line":48,"column":11}},"23":{"start":{"line":39,"column":12},"end":{"line":47,"column":15}},"24":{"start":{"line":40,"column":16},"end":{"line":46,"column":17}},"25":{"start":{"line":41,"column":20},"end":{"line":41,"column":32}},"26":{"start":{"line":44,"column":20},"end":{"line":44,"column":63}},"27":{"start":{"line":45,"column":20},"end":{"line":45,"column":38}},"28":{"start":{"line":51,"column":8},"end":{"line":62,"column":11}},"29":{"start":{"line":52,"column":12},"end":{"line":61,"column":15}},"30":{"start":{"line":53,"column":16},"end":{"line":60,"column":17}},"31":{"start":{"line":54,"column":20},"end":{"line":54,"column":32}},"32":{"start":{"line":57,"column":20},"end":{"line":57,"column":61}},"33":{"start":{"line":58,"column":20},"end":{"line":58,"column":48}},"34":{"start":{"line":59,"column":20},"end":{"line":59,"column":38}},"35":{"start":{"line":66,"column":0},"end":{"line":77,"column":2}},"36":{"start":{"line":67,"column":4},"end":{"line":76,"column":7}},"37":{"start":{"line":68,"column":8},"end":{"line":75,"column":11}},"38":{"start":{"line":69,"column":12},"end":{"line":74,"column":13}},"39":{"start":{"line":70,"column":16},"end":{"line":70,"column":28}},"40":{"start":{"line":73,"column":16},"end":{"line":73,"column":32}},"41":{"start":{"line":79,"column":0},"end":{"line":90,"column":2}},"42":{"start":{"line":80,"column":4},"end":{"line":89,"column":7}},"43":{"start":{"line":81,"column":8},"end":{"line":88,"column":11}},"44":{"start":{"line":82,"column":12},"end":{"line":87,"column":13}},"45":{"start":{"line":83,"column":16},"end":{"line":83,"column":28}},"46":{"start":{"line":86,"column":16},"end":{"line":86,"column":53}},"47":{"start":{"line":92,"column":0},"end":{"line":104,"column":2}},"48":{"start":{"line":93,"column":4},"end":{"line":102,"column":7}},"49":{"start":{"line":94,"column":8},"end":{"line":101,"column":11}},"50":{"start":{"line":95,"column":12},"end":{"line":100,"column":13}},"51":{"start":{"line":96,"column":16},"end":{"line":96,"column":28}},"52":{"start":{"line":99,"column":16},"end":{"line":99,"column":39}},"53":{"start":{"line":106,"column":0},"end":{"line":111,"column":2}}},"branchMap":{"1":{"line":14,"type":"if","locations":[{"start":{"line":14,"column":12},"end":{"line":14,"column":12}},{"start":{"line":14,"column":12},"end":{"line":14,"column":12}}]},"2":{"line":28,"type":"if","locations":[{"start":{"line":28,"column":12},"end":{"line":28,"column":12}},{"start":{"line":28,"column":12},"end":{"line":28,"column":12}}]},"3":{"line":40,"type":"if","locations":[{"start":{"line":40,"column":16},"end":{"line":40,"column":16}},{"start":{"line":40,"column":16},"end":{"line":40,"column":16}}]},"4":{"line":53,"type":"if","locations":[{"start":{"line":53,"column":16},"end":{"line":53,"column":16}},{"start":{"line":53,"column":16},"end":{"line":53,"column":16}}]},"5":{"line":69,"type":"if","locations":[{"start":{"line":69,"column":12},"end":{"line":69,"column":12}},{"start":{"line":69,"column":12},"end":{"line":69,"column":12}}]},"6":{"line":82,"type":"if","locations":[{"start":{"line":82,"column":12},"end":{"line":82,"column":12}},{"start":{"line":82,"column":12},"end":{"line":82,"column":12}}]},"7":{"line":95,"type":"if","locations":[{"start":{"line":95,"column":12},"end":{"line":95,"column":12}},{"start":{"line":95,"column":12},"end":{"line":95,"column":12}}]}}},"/home/dante/Documents/Programming/nodejs/checkout-cli/lib/prompt.js":{"path":"/home/dante/Documents/Programming/nodejs/checkout-cli/lib/prompt.js","s":{"1":3,"2":3,"3":3,"4":1,"5":1,"6":1,"7":1,"8":3,"9":2,"10":0,"11":2,"12":2,"13":1,"14":1,"15":1,"16":3},"b":{"1":[1,1]},"f":{"1":1,"2":1,"3":1,"4":2,"5":0,"6":2,"7":1},"fnMap":{"1":{"name":"(anonymous_1)","line":6,"loc":{"start":{"line":6,"column":15},"end":{"line":6,"column":33}}},"2":{"name":"(anonymous_2)","line":16,"loc":{"start":{"line":16,"column":23},"end":{"line":16,"column":48}}},"3":{"name":"(anonymous_3)","line":17,"loc":{"start":{"line":17,"column":29},"end":{"line":17,"column":46}}},"4":{"name":"(anonymous_4)","line":23,"loc":{"start":{"line":23,"column":20},"end":{"line":23,"column":43}}},"5":{"name":"(anonymous_5)","line":29,"loc":{"start":{"line":29,"column":18},"end":{"line":29,"column":28}}},"6":{"name":"(anonymous_6)","line":33,"loc":{"start":{"line":33,"column":23},"end":{"line":33,"column":40}}},"7":{"name":"(anonymous_7)","line":35,"loc":{"start":{"line":35,"column":33},"end":{"line":35,"column":50}}}},"statementMap":{"1":{"start":{"line":3,"column":0},"end":{"line":3,"column":30}},"2":{"start":{"line":4,"column":0},"end":{"line":4,"column":33}},"3":{"start":{"line":6,"column":0},"end":{"line":21,"column":2}},"4":{"start":{"line":7,"column":4},"end":{"line":14,"column":6}},"5":{"start":{"line":16,"column":4},"end":{"line":20,"column":7}},"6":{"start":{"line":17,"column":8},"end":{"line":19,"column":11}},"7":{"start":{"line":18,"column":12},"end":{"line":18,"column":44}},"8":{"start":{"line":23,"column":0},"end":{"line":42,"column":2}},"9":{"start":{"line":24,"column":4},"end":{"line":31,"column":6}},"10":{"start":{"line":29,"column":30},"end":{"line":29,"column":67}},"11":{"start":{"line":33,"column":4},"end":{"line":41,"column":7}},"12":{"start":{"line":34,"column":8},"end":{"line":40,"column":9}},"13":{"start":{"line":35,"column":12},"end":{"line":37,"column":15}},"14":{"start":{"line":36,"column":16},"end":{"line":36,"column":47}},"15":{"start":{"line":39,"column":12},"end":{"line":39,"column":35}},"16":{"start":{"line":44,"column":0},"end":{"line":47,"column":2}}},"branchMap":{"1":{"line":34,"type":"if","locations":[{"start":{"line":34,"column":8},"end":{"line":34,"column":8}},{"start":{"line":34,"column":8},"end":{"line":34,"column":8}}]}}}}