{"/home/dante/Documents/Programming/nodejs/checkout-cli/lib/git.js":{"path":"/home/dante/Documents/Programming/nodejs/checkout-cli/lib/git.js","s":{"1":6,"2":6,"3":6,"4":2,"5":2,"6":2,"7":1,"8":1,"9":1,"10":3,"11":2,"12":1,"13":6,"14":2,"15":2,"16":2,"17":1,"18":1,"19":6,"20":2,"21":2,"22":2,"23":1,"24":1,"25":6},"b":{"1":[1,1],"2":[2,1],"3":[1,1],"4":[1,1]},"f":{"1":2,"2":2,"3":2,"4":3,"5":2,"6":2,"7":2,"8":2,"9":2,"10":2},"fnMap":{"1":{"name":"(anonymous_1)","line":6,"loc":{"start":{"line":6,"column":21},"end":{"line":6,"column":31}}},"2":{"name":"(anonymous_2)","line":7,"loc":{"start":{"line":7,"column":23},"end":{"line":7,"column":48}}},"3":{"name":"(anonymous_3)","line":8,"loc":{"start":{"line":8,"column":29},"end":{"line":8,"column":50}}},"4":{"name":"(anonymous_4)","line":14,"loc":{"start":{"line":14,"column":43},"end":{"line":14,"column":59}}},"5":{"name":"(anonymous_5)","line":25,"loc":{"start":{"line":25,"column":15},"end":{"line":25,"column":31}}},"6":{"name":"(anonymous_6)","line":26,"loc":{"start":{"line":26,"column":23},"end":{"line":26,"column":48}}},"7":{"name":"(anonymous_7)","line":27,"loc":{"start":{"line":27,"column":39},"end":{"line":27,"column":60}}},"8":{"name":"(anonymous_8)","line":38,"loc":{"start":{"line":38,"column":23},"end":{"line":38,"column":33}}},"9":{"name":"(anonymous_9)","line":39,"loc":{"start":{"line":39,"column":23},"end":{"line":39,"column":48}}},"10":{"name":"(anonymous_10)","line":40,"loc":{"start":{"line":40,"column":48},"end":{"line":40,"column":69}}}},"statementMap":{"1":{"start":{"line":3,"column":0},"end":{"line":3,"column":41}},"2":{"start":{"line":4,"column":0},"end":{"line":4,"column":33}},"3":{"start":{"line":6,"column":0},"end":{"line":23,"column":2}},"4":{"start":{"line":7,"column":4},"end":{"line":22,"column":7}},"5":{"start":{"line":8,"column":8},"end":{"line":21,"column":11}},"6":{"start":{"line":9,"column":12},"end":{"line":20,"column":13}},"7":{"start":{"line":10,"column":16},"end":{"line":10,"column":28}},"8":{"start":{"line":13,"column":16},"end":{"line":13,"column":34}},"9":{"start":{"line":14,"column":16},"end":{"line":18,"column":19}},"10":{"start":{"line":15,"column":20},"end":{"line":17,"column":21}},"11":{"start":{"line":16,"column":24},"end":{"line":16,"column":113}},"12":{"start":{"line":19,"column":16},"end":{"line":19,"column":34}},"13":{"start":{"line":25,"column":0},"end":{"line":36,"column":2}},"14":{"start":{"line":26,"column":4},"end":{"line":35,"column":7}},"15":{"start":{"line":27,"column":8},"end":{"line":34,"column":11}},"16":{"start":{"line":28,"column":12},"end":{"line":33,"column":13}},"17":{"start":{"line":29,"column":16},"end":{"line":29,"column":28}},"18":{"start":{"line":32,"column":16},"end":{"line":32,"column":32}},"19":{"start":{"line":38,"column":0},"end":{"line":49,"column":2}},"20":{"start":{"line":39,"column":4},"end":{"line":48,"column":7}},"21":{"start":{"line":40,"column":8},"end":{"line":47,"column":11}},"22":{"start":{"line":41,"column":12},"end":{"line":46,"column":13}},"23":{"start":{"line":42,"column":16},"end":{"line":42,"column":28}},"24":{"start":{"line":45,"column":16},"end":{"line":45,"column":53}},"25":{"start":{"line":51,"column":0},"end":{"line":55,"column":2}}},"branchMap":{"1":{"line":9,"type":"if","locations":[{"start":{"line":9,"column":12},"end":{"line":9,"column":12}},{"start":{"line":9,"column":12},"end":{"line":9,"column":12}}]},"2":{"line":15,"type":"if","locations":[{"start":{"line":15,"column":20},"end":{"line":15,"column":20}},{"start":{"line":15,"column":20},"end":{"line":15,"column":20}}]},"3":{"line":28,"type":"if","locations":[{"start":{"line":28,"column":12},"end":{"line":28,"column":12}},{"start":{"line":28,"column":12},"end":{"line":28,"column":12}}]},"4":{"line":41,"type":"if","locations":[{"start":{"line":41,"column":12},"end":{"line":41,"column":12}},{"start":{"line":41,"column":12},"end":{"line":41,"column":12}}]}}},"/home/dante/Documents/Programming/nodejs/checkout-cli/lib/prompt.js":{"path":"/home/dante/Documents/Programming/nodejs/checkout-cli/lib/prompt.js","s":{"1":1,"2":1,"3":1,"4":1,"5":1,"6":1,"7":1,"8":1},"b":{},"f":{"1":1,"2":1,"3":1},"fnMap":{"1":{"name":"(anonymous_1)","line":6,"loc":{"start":{"line":6,"column":15},"end":{"line":6,"column":33}}},"2":{"name":"(anonymous_2)","line":16,"loc":{"start":{"line":16,"column":23},"end":{"line":16,"column":48}}},"3":{"name":"(anonymous_3)","line":17,"loc":{"start":{"line":17,"column":29},"end":{"line":17,"column":46}}}},"statementMap":{"1":{"start":{"line":3,"column":0},"end":{"line":3,"column":30}},"2":{"start":{"line":4,"column":0},"end":{"line":4,"column":33}},"3":{"start":{"line":6,"column":0},"end":{"line":21,"column":2}},"4":{"start":{"line":7,"column":4},"end":{"line":14,"column":6}},"5":{"start":{"line":16,"column":4},"end":{"line":20,"column":7}},"6":{"start":{"line":17,"column":8},"end":{"line":19,"column":11}},"7":{"start":{"line":18,"column":12},"end":{"line":18,"column":44}},"8":{"start":{"line":24,"column":0},"end":{"line":26,"column":2}}},"branchMap":{}}}