TN:
SF:/home/dante/Documents/Programming/nodejs/checkout-cli/lib/git.js
FN:6,(anonymous_1)
FN:7,(anonymous_2)
FN:8,(anonymous_3)
FN:14,(anonymous_4)
FN:25,(anonymous_5)
FN:26,(anonymous_6)
FN:27,(anonymous_7)
FN:38,(anonymous_8)
FN:39,(anonymous_9)
FN:40,(anonymous_10)
FNF:10
FNH:10
FNDA:2,(anonymous_1)
FNDA:2,(anonymous_2)
FNDA:2,(anonymous_3)
FNDA:3,(anonymous_4)
FNDA:2,(anonymous_5)
FNDA:2,(anonymous_6)
FNDA:2,(anonymous_7)
FNDA:2,(anonymous_8)
FNDA:2,(anonymous_9)
FNDA:2,(anonymous_10)
DA:3,6
DA:4,6
DA:6,6
DA:7,2
DA:8,2
DA:9,2
DA:10,1
DA:13,1
DA:14,1
DA:15,3
DA:16,2
DA:19,1
DA:25,6
DA:26,2
DA:27,2
DA:28,2
DA:29,1
DA:32,1
DA:38,6
DA:39,2
DA:40,2
DA:41,2
DA:42,1
DA:45,1
DA:51,6
LF:25
LH:25
BRDA:9,1,0,1
BRDA:9,1,1,1
BRDA:15,2,0,2
BRDA:15,2,1,1
BRDA:28,3,0,1
BRDA:28,3,1,1
BRDA:41,4,0,1
BRDA:41,4,1,1
BRF:8
BRH:8
end_of_record
TN:
SF:/home/dante/Documents/Programming/nodejs/checkout-cli/lib/prompt.js
FN:6,(anonymous_1)
FN:16,(anonymous_2)
FN:17,(anonymous_3)
FNF:3
FNH:3
FNDA:1,(anonymous_1)
FNDA:1,(anonymous_2)
FNDA:1,(anonymous_3)
DA:3,1
DA:4,1
DA:6,1
DA:7,1
DA:16,1
DA:17,1
DA:18,1
DA:24,1
LF:8
LH:8
BRF:0
BRH:0
end_of_record
