TN:
SF:/home/dante/Documents/Programming/nodejs/checkout-cli/lib/git.js
FN:6,(anonymous_1)
FN:7,(anonymous_2)
FN:8,(anonymous_3)
FN:14,(anonymous_4)
FN:25,(anonymous_5)
FN:26,(anonymous_6)
FN:27,(anonymous_7)
FNF:7
FNH:7
FNDA:2,(anonymous_1)
FNDA:2,(anonymous_2)
FNDA:2,(anonymous_3)
FNDA:3,(anonymous_4)
FNDA:2,(anonymous_5)
FNDA:2,(anonymous_6)
FNDA:2,(anonymous_7)
DA:3,4
DA:4,4
DA:6,4
DA:7,2
DA:8,2
DA:9,2
DA:10,1
DA:13,1
DA:14,1
DA:15,3
DA:16,2
DA:19,1
DA:25,4
DA:26,2
DA:27,2
DA:28,2
DA:29,2
DA:30,1
DA:33,1
DA:39,4
LF:20
LH:20
BRDA:9,1,0,1
BRDA:9,1,1,1
BRDA:15,2,0,2
BRDA:15,2,1,1
BRDA:29,3,0,1
BRDA:29,3,1,1
BRF:6
BRH:6
end_of_record
